<?xml version="1.0" encoding="UTF-8"?>
<!-- Generated by org.testng.reporters.JUnitReportReporter -->
<testsuite hostname="DESKTOP-EKFF6L8" failures="0" tests="1" name="tests.HomeTest" time="26.837" errors="0" timestamp="2022-10-22T04:54:41 EET" skipped="0">
  <testcase classname="tests.HomeTest" name="testmethod" time="26.837"/>
  <system-out/>
</testsuite> <!-- tests.HomeTest -->
